<?xml version="1.0" encoding="UTF-8"?>
<!-- Generated by org.testng.reporters.JUnitXMLReporter -->
<testsuite ignored="0" hostname="OZBEKs-iMac.home" failures="0" tests="5" name="Test-class test" time="9.851" errors="0" timestamp="31 Dec 2018 03:47:07 GMT">
  <testcase classname="com.webOrder.UI_Functional_Tests.WOPostiveLoginTests" name="positiveTest" time="0.546"/>
  <testcase classname="com.webOrder.UI_Functional_Tests.WONegativeLoginTests" name="negativeWrongUsername" time="0.265"/>
  <testcase classname="com.webOrder.UI_Functional_Tests.WONegativeLoginTests" name="negativeWrongPassword" time="0.273"/>
  <testcase classname="com.webOrder.UI_Functional_Tests.WONegativeLoginTests" name="negativeBlankUsername" time="0.279"/>
  <testcase classname="com.webOrder.UI_Functional_Tests.WONegativeLoginTests" name="negativeBlankPassword" time="0.26"/>
</testsuite> <!-- Test-class test -->
