<?xml version="1.0" encoding="UTF-8"?>
<!-- Generated by org.testng.reporters.JUnitReportReporter -->
<testsuite hostname="OZBEKs-iMac.home" failures="0" tests="1" name="com.webOrder.UI_Functional_Tests.WOPostiveLoginTests" time="3.090" errors="0" timestamp="31 Dec 2018 03:47:07 GMT" skipped="0">
  <testcase classname="com.webOrder.UI_Functional_Tests.WOPostiveLoginTests" name="positiveTest" time="3.090"/>
</testsuite> <!-- com.webOrder.UI_Functional_Tests.WOPostiveLoginTests -->
