<?xml version="1.0" encoding="UTF-8"?>
<!-- Generated by org.testng.reporters.JUnitReportReporter -->
<testsuite hostname="OZBEKs-iMac.home" failures="0" tests="5" name="com.webOrder.UI_Functional_Tests.LoginTests" time="10.062" errors="0" timestamp="31 Dec 2018 03:00:57 GMT" skipped="0">
  <testcase classname="com.webOrder.UI_Functional_Tests.LoginTests" name="positiveTest" time="1.935"/>
  <testcase classname="com.webOrder.UI_Functional_Tests.LoginTests" name="negativeWrongUsername" time="1.664"/>
  <testcase classname="com.webOrder.UI_Functional_Tests.LoginTests" name="negativeWrongPassword" time="1.748"/>
  <testcase classname="com.webOrder.UI_Functional_Tests.LoginTests" name="negativeBlankUsername" time="3.035"/>
  <testcase classname="com.webOrder.UI_Functional_Tests.LoginTests" name="negativeBlankPassword" time="1.680"/>
</testsuite> <!-- com.webOrder.UI_Functional_Tests.LoginTests -->
