<?xml version="1.0" encoding="UTF-8"?>
<!-- Generated by org.testng.reporters.JUnitReportReporter -->
<testsuite hostname="OZBEKs-iMac.home" failures="0" tests="4" name="com.webOrder.UI_Functional_Tests.WONegativeLoginTests" time="6.725" errors="0" timestamp="31 Dec 2018 03:47:07 GMT" skipped="0">
  <testcase classname="com.webOrder.UI_Functional_Tests.WONegativeLoginTests" name="negativeWrongUsername" time="1.615"/>
  <testcase classname="com.webOrder.UI_Functional_Tests.WONegativeLoginTests" name="negativeWrongPassword" time="1.876"/>
  <testcase classname="com.webOrder.UI_Functional_Tests.WONegativeLoginTests" name="negativeBlankUsername" time="1.615"/>
  <testcase classname="com.webOrder.UI_Functional_Tests.WONegativeLoginTests" name="negativeBlankPassword" time="1.619"/>
</testsuite> <!-- com.webOrder.UI_Functional_Tests.WONegativeLoginTests -->
